<?xml version="1.0" encoding="UTF-8"?>
<!-- Generated by org.testng.reporters.JUnitReportReporter -->
<testsuite skipped="0" hostname="DESKTOP-388OVEA" name="com.runner.zooplaRunner" tests="1" failures="0" timestamp="14 Aug 2020 02:30:58 GMT" time="24.961" errors="0">
  <testcase name="runScenario" time="24.961" classname="com.runner.zooplaRunner"/>
</testsuite> <!-- com.runner.zooplaRunner -->
